{"E:\\aerokart-v0\\src\\components\\Header.jsx": {"path":"E:\\aerokart-v0\\src\\components\\Header.jsx","statementMap":{"0":{"start":{"line":11,"column":15},"end":{"line":58,"column":1}},"1":{"start":{"line":12,"column":38},"end":{"line":12,"column":50}},"2":{"start":{"line":13,"column":27},"end":{"line":13,"column":53}},"3":{"start":{"line":14,"column":19},"end":{"line":14,"column":30}},"4":{"start":{"line":16,"column":23},"end":{"line":18,"column":3}},"5":{"start":{"line":17,"column":4},"end":{"line":17,"column":29}},"6":{"start":{"line":20,"column":20},"end":{"line":20,"column":62}},"7":{"start":{"line":20,"column":43},"end":{"line":20,"column":61}},"8":{"start":{"line":22,"column":2},"end":{"line":57,"column":4}},"9":{"start":{"line":37,"column":27},"end":{"line":37,"column":56}}},"fnMap":{"0":{"name":"(anonymous_0)","decl":{"start":{"line":11,"column":15},"end":{"line":11,"column":16}},"loc":{"start":{"line":11,"column":21},"end":{"line":58,"column":1}},"line":11},"1":{"name":"(anonymous_1)","decl":{"start":{"line":16,"column":23},"end":{"line":16,"column":24}},"loc":{"start":{"line":16,"column":29},"end":{"line":18,"column":3}},"line":16},"2":{"name":"(anonymous_2)","decl":{"start":{"line":20,"column":32},"end":{"line":20,"column":33}},"loc":{"start":{"line":20,"column":43},"end":{"line":20,"column":61}},"line":20},"3":{"name":"(anonymous_3)","decl":{"start":{"line":37,"column":20},"end":{"line":37,"column":21}},"loc":{"start":{"line":37,"column":27},"end":{"line":37,"column":56}},"line":37}},"branchMap":{"0":{"loc":{"start":{"line":45,"column":31},"end":{"line":45,"column":52}},"type":"cond-expr","locations":[{"start":{"line":45,"column":42},"end":{"line":45,"column":45}},{"start":{"line":45,"column":48},"end":{"line":45,"column":52}}],"line":45}},"s":{"0":1,"1":7,"2":7,"3":7,"4":7,"5":0,"6":7,"7":11,"8":7,"9":0},"f":{"0":7,"1":0,"2":11,"3":0},"b":{"0":[7,0]},"_coverageSchema":"1a1c01bbd47fc00a2c39e90264f33305004495a9","hash":"b6d1b777af8432aeb2f94f5ef8d6d16f44d453a5"}
,"E:\\aerokart-v0\\src\\data\\Data.jsx": {"path":"E:\\aerokart-v0\\src\\data\\Data.jsx","statementMap":{"0":{"start":{"line":1,"column":32},"end":{"line":239,"column":1}}},"fnMap":{},"branchMap":{},"s":{"0":1},"f":{},"b":{},"_coverageSchema":"1a1c01bbd47fc00a2c39e90264f33305004495a9","hash":"cd996d824e39ed34aa2382a9a5a7fe21c5e060cc"}
,"E:\\aerokart-v0\\src\\mocks\\dummylogo.js": {"path":"E:\\aerokart-v0\\src\\mocks\\dummylogo.js","statementMap":{},"fnMap":{},"branchMap":{},"s":{},"f":{},"b":{},"_coverageSchema":"1a1c01bbd47fc00a2c39e90264f33305004495a9","hash":"8b562e684579b6d07e804c514226f6e4b816b7cd"}
,"E:\\aerokart-v0\\src\\utils\\CartSlice.jsx": {"path":"E:\\aerokart-v0\\src\\utils\\CartSlice.jsx","statementMap":{"0":{"start":{"line":3,"column":18},"end":{"line":19,"column":2}},"1":{"start":{"line":10,"column":6},"end":{"line":10,"column":39}},"2":{"start":{"line":13,"column":6},"end":{"line":13,"column":77}},"3":{"start":{"line":13,"column":49},"end":{"line":13,"column":75}},"4":{"start":{"line":16,"column":6},"end":{"line":16,"column":23}},"5":{"start":{"line":20,"column":50},"end":{"line":20,"column":67}}},"fnMap":{"0":{"name":"(anonymous_0)","decl":{"start":{"line":9,"column":13},"end":{"line":9,"column":14}},"loc":{"start":{"line":9,"column":32},"end":{"line":11,"column":5}},"line":9},"1":{"name":"(anonymous_1)","decl":{"start":{"line":12,"column":16},"end":{"line":12,"column":17}},"loc":{"start":{"line":12,"column":35},"end":{"line":14,"column":5}},"line":12},"2":{"name":"(anonymous_2)","decl":{"start":{"line":13,"column":39},"end":{"line":13,"column":40}},"loc":{"start":{"line":13,"column":49},"end":{"line":13,"column":75}},"line":13},"3":{"name":"(anonymous_3)","decl":{"start":{"line":15,"column":15},"end":{"line":15,"column":16}},"loc":{"start":{"line":15,"column":26},"end":{"line":17,"column":5}},"line":15}},"branchMap":{},"s":{"0":1,"1":0,"2":0,"3":0,"4":0,"5":1},"f":{"0":0,"1":0,"2":0,"3":0},"b":{},"_coverageSchema":"1a1c01bbd47fc00a2c39e90264f33305004495a9","hash":"2d4af66dcff8a20105dd66e05e51431fa6daceb0"}
,"E:\\aerokart-v0\\src\\utils\\ProductContext.jsx": {"path":"E:\\aerokart-v0\\src\\utils\\ProductContext.jsx","statementMap":{"0":{"start":{"line":5,"column":30},"end":{"line":5,"column":45}},"1":{"start":{"line":7,"column":24},"end":{"line":27,"column":1}},"2":{"start":{"line":8,"column":40},"end":{"line":8,"column":52}},"3":{"start":{"line":9,"column":56},"end":{"line":9,"column":68}},"4":{"start":{"line":11,"column":2},"end":{"line":14,"column":9}},"5":{"start":{"line":12,"column":4},"end":{"line":12,"column":37}},"6":{"start":{"line":13,"column":4},"end":{"line":13,"column":45}},"7":{"start":{"line":16,"column":23},"end":{"line":21,"column":3}},"8":{"start":{"line":17,"column":19},"end":{"line":19,"column":5}},"9":{"start":{"line":18,"column":6},"end":{"line":18,"column":67}},"10":{"start":{"line":20,"column":4},"end":{"line":20,"column":35}},"11":{"start":{"line":22,"column":2},"end":{"line":26,"column":4}}},"fnMap":{"0":{"name":"(anonymous_0)","decl":{"start":{"line":7,"column":24},"end":{"line":7,"column":25}},"loc":{"start":{"line":7,"column":42},"end":{"line":27,"column":1}},"line":7},"1":{"name":"(anonymous_1)","decl":{"start":{"line":11,"column":12},"end":{"line":11,"column":13}},"loc":{"start":{"line":11,"column":18},"end":{"line":14,"column":3}},"line":11},"2":{"name":"(anonymous_2)","decl":{"start":{"line":16,"column":23},"end":{"line":16,"column":24}},"loc":{"start":{"line":16,"column":39},"end":{"line":21,"column":3}},"line":16},"3":{"name":"(anonymous_3)","decl":{"start":{"line":17,"column":38},"end":{"line":17,"column":39}},"loc":{"start":{"line":18,"column":6},"end":{"line":18,"column":67}},"line":18}},"branchMap":{},"s":{"0":1,"1":1,"2":6,"3":6,"4":6,"5":3,"6":3,"7":6,"8":0,"9":0,"10":0,"11":6},"f":{"0":6,"1":3,"2":0,"3":0},"b":{},"_coverageSchema":"1a1c01bbd47fc00a2c39e90264f33305004495a9","hash":"b6e9c7f265ced084e16398be5ba77159c4980935"}
,"E:\\aerokart-v0\\src\\utils\\Store.jsx": {"path":"E:\\aerokart-v0\\src\\utils\\Store.jsx","statementMap":{"0":{"start":{"line":4,"column":14},"end":{"line":8,"column":2}}},"fnMap":{},"branchMap":{},"s":{"0":1},"f":{},"b":{},"_coverageSchema":"1a1c01bbd47fc00a2c39e90264f33305004495a9","hash":"e2bfc14b3b2abdc8ef109c473b366f3994f78b74"}
,"E:\\aerokart-v0\\src\\utils\\Useonline.jsx": {"path":"E:\\aerokart-v0\\src\\utils\\Useonline.jsx","statementMap":{"0":{"start":{"line":3,"column":18},"end":{"line":17,"column":1}},"1":{"start":{"line":4,"column":34},"end":{"line":4,"column":48}},"2":{"start":{"line":5,"column":2},"end":{"line":15,"column":9}},"3":{"start":{"line":6,"column":26},"end":{"line":6,"column":49}},"4":{"start":{"line":6,"column":32},"end":{"line":6,"column":49}},"5":{"start":{"line":7,"column":27},"end":{"line":7,"column":51}},"6":{"start":{"line":7,"column":33},"end":{"line":7,"column":51}},"7":{"start":{"line":8,"column":4},"end":{"line":8,"column":53}},"8":{"start":{"line":9,"column":4},"end":{"line":9,"column":55}},"9":{"start":{"line":11,"column":4},"end":{"line":14,"column":6}},"10":{"start":{"line":12,"column":6},"end":{"line":12,"column":58}},"11":{"start":{"line":13,"column":6},"end":{"line":13,"column":60}},"12":{"start":{"line":16,"column":2},"end":{"line":16,"column":18}}},"fnMap":{"0":{"name":"(anonymous_0)","decl":{"start":{"line":3,"column":18},"end":{"line":3,"column":19}},"loc":{"start":{"line":3,"column":24},"end":{"line":17,"column":1}},"line":3},"1":{"name":"(anonymous_1)","decl":{"start":{"line":5,"column":12},"end":{"line":5,"column":13}},"loc":{"start":{"line":5,"column":18},"end":{"line":15,"column":3}},"line":5},"2":{"name":"(anonymous_2)","decl":{"start":{"line":6,"column":26},"end":{"line":6,"column":27}},"loc":{"start":{"line":6,"column":32},"end":{"line":6,"column":49}},"line":6},"3":{"name":"(anonymous_3)","decl":{"start":{"line":7,"column":27},"end":{"line":7,"column":28}},"loc":{"start":{"line":7,"column":33},"end":{"line":7,"column":51}},"line":7},"4":{"name":"(anonymous_4)","decl":{"start":{"line":11,"column":11},"end":{"line":11,"column":12}},"loc":{"start":{"line":11,"column":17},"end":{"line":14,"column":5}},"line":11}},"branchMap":{},"s":{"0":1,"1":7,"2":7,"3":4,"4":0,"5":4,"6":0,"7":4,"8":4,"9":4,"10":4,"11":4,"12":7},"f":{"0":7,"1":4,"2":0,"3":0,"4":4},"b":{},"_coverageSchema":"1a1c01bbd47fc00a2c39e90264f33305004495a9","hash":"f5fdccaa138daffec177f8d7f3342a336d098cab"}
}
