TN:
SF:src\components\Header.jsx
FN:11,(anonymous_0)
FN:16,(anonymous_1)
FN:20,(anonymous_2)
FN:37,(anonymous_3)
FNF:4
FNH:2
FNDA:7,(anonymous_0)
FNDA:0,(anonymous_1)
FNDA:11,(anonymous_2)
FNDA:0,(anonymous_3)
DA:11,1
DA:12,7
DA:13,7
DA:14,7
DA:16,7
DA:17,0
DA:20,11
DA:22,7
DA:37,0
LF:9
LH:7
BRDA:45,0,0,7
BRDA:45,0,1,0
BRF:2
BRH:1
end_of_record
TN:
SF:src\data\Data.jsx
FNF:0
FNH:0
DA:1,1
LF:1
LH:1
BRF:0
BRH:0
end_of_record
TN:
SF:src\mocks\dummylogo.js
FNF:0
FNH:0
LF:0
LH:0
BRF:0
BRH:0
end_of_record
TN:
SF:src\utils\CartSlice.jsx
FN:9,(anonymous_0)
FN:12,(anonymous_1)
FN:13,(anonymous_2)
FN:15,(anonymous_3)
FNF:4
FNH:0
FNDA:0,(anonymous_0)
FNDA:0,(anonymous_1)
FNDA:0,(anonymous_2)
FNDA:0,(anonymous_3)
DA:3,1
DA:10,0
DA:13,0
DA:16,0
DA:20,1
LF:5
LH:2
BRF:0
BRH:0
end_of_record
TN:
SF:src\utils\ProductContext.jsx
FN:7,(anonymous_0)
FN:11,(anonymous_1)
FN:16,(anonymous_2)
FN:17,(anonymous_3)
FNF:4
FNH:2
FNDA:6,(anonymous_0)
FNDA:3,(anonymous_1)
FNDA:0,(anonymous_2)
FNDA:0,(anonymous_3)
DA:5,1
DA:7,1
DA:8,6
DA:9,6
DA:11,6
DA:12,3
DA:13,3
DA:16,6
DA:17,0
DA:18,0
DA:20,0
DA:22,6
LF:12
LH:9
BRF:0
BRH:0
end_of_record
TN:
SF:src\utils\Store.jsx
FNF:0
FNH:0
DA:4,1
LF:1
LH:1
BRF:0
BRH:0
end_of_record
TN:
SF:src\utils\Useonline.jsx
FN:3,(anonymous_0)
FN:5,(anonymous_1)
FN:6,(anonymous_2)
FN:7,(anonymous_3)
FN:11,(anonymous_4)
FNF:5
FNH:3
FNDA:7,(anonymous_0)
FNDA:4,(anonymous_1)
FNDA:0,(anonymous_2)
FNDA:0,(anonymous_3)
FNDA:4,(anonymous_4)
DA:3,1
DA:4,7
DA:5,7
DA:6,4
DA:7,4
DA:8,4
DA:9,4
DA:11,4
DA:12,4
DA:13,4
DA:16,7
LF:11
LH:11
BRF:0
BRH:0
end_of_record
